<?xml version="1.0" encoding="UTF-8"?>
<testng-results ignored="0" total="1" passed="1" failed="0" skipped="0">
  <reporter-output>
  </reporter-output>
  <suite started-at="2022-09-22T22:10:52 IST" name="Default suite" finished-at="2022-09-22T22:11:09 IST" duration-ms="17195">
    <groups>
    </groups>
    <test started-at="2022-09-22T22:10:52 IST" name="Default test" finished-at="2022-09-22T22:11:09 IST" duration-ms="17195">
      <class name="com.RestAssuredAPI.Automation.PostRequestAutomation_3">
        <test-method signature="postRequestAutomation()[pri:0, instance:com.RestAssuredAPI.Automation.PostRequestAutomation_3@74455848]" started-at="2022-09-22T22:10:52 IST" name="postRequestAutomation" finished-at="2022-09-22T22:11:09 IST" duration-ms="17026" status="PASS">
          <reporter-output>
          </reporter-output>
        </test-method> <!-- postRequestAutomation -->
      </class> <!-- com.RestAssuredAPI.Automation.PostRequestAutomation_3 -->
    </test> <!-- Default test -->
  </suite> <!-- Default suite -->
</testng-results>
